07-09-2016 @ 22:18:46 - Queuing 2.5.0 - wc_update_250_currency
07-09-2016 @ 22:18:46 - Queuing 2.5.0 - wc_update_250_db_version
07-09-2016 @ 22:18:46 - Queuing 2.6.0 - wc_update_260_options
07-09-2016 @ 22:18:46 - Queuing 2.6.0 - wc_update_260_termmeta
07-09-2016 @ 22:18:46 - Queuing 2.6.0 - wc_update_260_zones
07-09-2016 @ 22:18:46 - Queuing 2.6.0 - wc_update_260_zone_methods
07-09-2016 @ 22:18:46 - Queuing 2.6.0 - wc_update_260_refunds
07-09-2016 @ 22:18:46 - Queuing 2.6.0 - wc_update_260_db_version
07-09-2016 @ 22:18:47 - Unable to dispatch WooCommerce updater: Operation timed out after 1000 milliseconds with 0 bytes received
07-09-2016 @ 22:18:47 - Running wc_update_250_currency callback
07-09-2016 @ 22:18:47 - Finished wc_update_250_currency callback
07-09-2016 @ 22:18:47 - Running wc_update_250_db_version callback
07-09-2016 @ 22:18:47 - Finished wc_update_250_db_version callback
07-09-2016 @ 22:18:47 - Running wc_update_260_options callback
07-09-2016 @ 22:18:47 - Finished wc_update_260_options callback
07-09-2016 @ 22:18:47 - Running wc_update_260_termmeta callback
07-09-2016 @ 22:18:47 - Finished wc_update_260_termmeta callback
07-09-2016 @ 22:18:47 - Running wc_update_260_zones callback
07-09-2016 @ 22:18:47 - Finished wc_update_260_zones callback
07-09-2016 @ 22:18:47 - Running wc_update_260_zone_methods callback
07-09-2016 @ 22:18:47 - Finished wc_update_260_zone_methods callback
07-09-2016 @ 22:18:47 - Running wc_update_260_refunds callback
07-09-2016 @ 22:18:47 - Finished wc_update_260_refunds callback
07-09-2016 @ 22:18:47 - Running wc_update_260_db_version callback
07-09-2016 @ 22:18:47 - Finished wc_update_260_db_version callback
07-09-2016 @ 22:18:47 - Data update complete
2017-04-20T21:29:32+00:00 INFO Queuing 3.0.0 - wc_update_300_webhooks
2017-04-20T21:29:32+00:00 INFO Queuing 3.0.0 - wc_update_300_grouped_products
2017-04-20T21:29:32+00:00 INFO Queuing 3.0.0 - wc_update_300_settings
2017-04-20T21:29:32+00:00 INFO Queuing 3.0.0 - wc_update_300_product_visibility
2017-04-20T21:29:32+00:00 INFO Queuing 3.0.0 - wc_update_300_db_version
2017-04-20T21:29:35+00:00 INFO Running wc_update_300_webhooks callback
2017-04-20T21:29:35+00:00 INFO Finished wc_update_300_webhooks callback
2017-04-20T21:29:35+00:00 INFO Running wc_update_300_grouped_products callback
2017-04-20T21:29:35+00:00 INFO Finished wc_update_300_grouped_products callback
2017-04-20T21:29:35+00:00 INFO Running wc_update_300_settings callback
2017-04-20T21:29:35+00:00 INFO Finished wc_update_300_settings callback
2017-04-20T21:29:35+00:00 INFO Running wc_update_300_product_visibility callback
2017-04-20T21:29:35+00:00 INFO Finished wc_update_300_product_visibility callback
2017-04-20T21:29:35+00:00 INFO Running wc_update_300_db_version callback
2017-04-20T21:29:35+00:00 INFO Finished wc_update_300_db_version callback
2017-04-20T21:29:35+00:00 INFO Data update complete
2017-10-16T20:44:06+00:00 INFO Queuing 3.1.0 - wc_update_310_downloadable_products
2017-10-16T20:44:06+00:00 INFO Queuing 3.1.0 - wc_update_310_old_comments
2017-10-16T20:44:06+00:00 INFO Queuing 3.1.0 - wc_update_310_db_version
2017-10-16T20:44:06+00:00 INFO Queuing 3.1.2 - wc_update_312_shop_manager_capabilities
2017-10-16T20:44:06+00:00 INFO Queuing 3.1.2 - wc_update_312_db_version
2017-10-16T20:44:06+00:00 INFO Queuing 3.2.0 - wc_update_320_mexican_states
2017-10-16T20:44:06+00:00 INFO Queuing 3.2.0 - wc_update_320_db_version
2017-10-16T20:44:07+00:00 INFO Running wc_update_310_downloadable_products callback
2017-10-16T20:44:07+00:00 INFO Finished wc_update_310_downloadable_products callback
2017-10-16T20:44:07+00:00 INFO Running wc_update_310_old_comments callback
2017-10-16T20:44:07+00:00 INFO Finished wc_update_310_old_comments callback
2017-10-16T20:44:07+00:00 INFO Running wc_update_310_db_version callback
2017-10-16T20:44:07+00:00 INFO Finished wc_update_310_db_version callback
2017-10-16T20:44:07+00:00 INFO Running wc_update_312_shop_manager_capabilities callback
2017-10-16T20:44:07+00:00 INFO Finished wc_update_312_shop_manager_capabilities callback
2017-10-16T20:44:07+00:00 INFO Running wc_update_312_db_version callback
2017-10-16T20:44:07+00:00 INFO Finished wc_update_312_db_version callback
2017-10-16T20:44:07+00:00 INFO Running wc_update_320_mexican_states callback
2017-10-16T20:44:07+00:00 INFO Finished wc_update_320_mexican_states callback
2017-10-16T20:44:07+00:00 INFO Running wc_update_320_db_version callback
2017-10-16T20:44:07+00:00 INFO Finished wc_update_320_db_version callback
2017-10-16T20:44:07+00:00 INFO Data update complete
